<?xml version="1.0" encoding="UTF-8"?>
<testng-results ignored="0" total="1" passed="1" failed="0" skipped="0">
  <reporter-output>
  </reporter-output>
  <suite started-at="2023-10-18T12:03:20 IST" name="Testing Google Apps" finished-at="2023-10-18T12:03:26 IST" duration-ms="5404">
    <groups>
    </groups>
    <test started-at="2023-10-18T12:03:20 IST" name="Regression" finished-at="2023-10-18T12:03:26 IST" duration-ms="5404">
      <class name="headlessmaven.Test_title">
        <test-method signature="test()[pri:0, instance:headlessmaven.Test_title@41a0aa7d]" started-at="2023-10-18T12:03:20 IST" name="test" finished-at="2023-10-18T12:03:26 IST" duration-ms="5367" status="PASS">
          <reporter-output>
          </reporter-output>
        </test-method> <!-- test -->
      </class> <!-- headlessmaven.Test_title -->
    </test> <!-- Regression -->
  </suite> <!-- Testing Google Apps -->
</testng-results>
