<?xml version="1.0" encoding="UTF-8"?>
<testng-results ignored="0" total="1" passed="1" failed="0" skipped="0">
  <reporter-output>
  </reporter-output>
  <suite started-at="2023-10-20T12:27:10 IST" name="Default suite" finished-at="2023-10-20T12:27:16 IST" duration-ms="5492">
    <groups>
    </groups>
    <test started-at="2023-10-20T12:27:10 IST" name="Default test" finished-at="2023-10-20T12:27:16 IST" duration-ms="5492">
      <class name="headlessmaven.Firefox_Test">
        <test-method signature="Browser()[pri:0, instance:headlessmaven.Firefox_Test@1ffaf86]" started-at="2023-10-20T12:27:10 IST" name="Browser" finished-at="2023-10-20T12:27:16 IST" duration-ms="5458" status="PASS">
          <reporter-output>
          </reporter-output>
        </test-method> <!-- Browser -->
      </class> <!-- headlessmaven.Firefox_Test -->
    </test> <!-- Default test -->
  </suite> <!-- Default suite -->
</testng-results>
